<?xml version="1.0" encoding="UTF-8"?>
<!-- Generated by org.testng.reporters.JUnitReportReporter -->
<testsuite hostname="LAPTOP-DR1AJJIK" failures="1" tests="4" name="com.runner.TestRunnerTestNG" time="144.708" errors="0" timestamp="2025-09-09T18:18:46 IST" skipped="0">
  <testcase classname="com.runner.TestRunnerTestNG" name="runScenario" time="27.410"/>
  <testcase classname="com.runner.TestRunnerTestNG" name="runScenario" time="25.602">
    <failure message="Failed to click on the shortlisted property. expected [true] but found [false]" type="java.lang.AssertionError">
      <![CDATA[java.lang.AssertionError: Failed to click on the shortlisted property. expected [true] but found [false]
at org.testng.Assert.fail(Assert.java:111)
at org.testng.Assert.failNotEquals(Assert.java:1590)
at org.testng.Assert.assertTrue(Assert.java:57)
at com.stepDefinition.shortlistProperty.i_click_on_property(shortlistProperty.java:43)
at âœ½.I click on property(file:///C:/Users/Jyothirmye/eclipse-workspace/Test_Magicbricks/src/test/resources/Features/shortlistProperty.feature:8)
]]>
    </failure>
  </testcase> <!-- runScenario -->
  <testcase classname="com.runner.TestRunnerTestNG" name="runScenario" time="88.492"/>
  <testcase classname="com.runner.TestRunnerTestNG" name="runScenario" time="3.204"/>
</testsuite> <!-- com.runner.TestRunnerTestNG -->
